<?xml version="1.0" encoding="UTF-8"?>
<!-- Generated by org.testng.reporters.JUnitReportReporter -->
<testsuite hostname="SriRamachandra" failures="0" tests="1" name="seleniumpractice.vehicleInsurance" time="19.327" errors="0" timestamp="2020-03-19T21:52:26 EDT" skipped="0">
  <testcase classname="seleniumpractice.vehicleInsurance" name="LoginDemo" time="19.327"/>
  <system-out/>
</testsuite> <!-- seleniumpractice.vehicleInsurance -->
