<?xml version="1.0" encoding="UTF-8"?>
<!-- Generated by org.testng.reporters.JUnitReportReporter -->
<testsuite hostname="SriRamachandra" failures="0" tests="1" name="seleniumpractice.qpdm" time="30.422" errors="0" timestamp="2020-03-25T20:35:09 EDT" skipped="0">
  <testcase classname="seleniumpractice.qpdm" name="execute" time="30.422"/>
  <system-out/>
</testsuite> <!-- seleniumpractice.qpdm -->
